error: 
    status - 500 
    message - SyntaxError: Unexpected token '"', ""fistName""... is not valid JSON
    at JSON.parse (<anonymous>)
    at createStrictSyntaxError (C:\Users\Yannick\Documents\keepCoding\FullStackProjects\NodeFullStackProjects\MERN-ECOMMERCE-APPLICATION\node_modules\body-parser\lib\types\json.js:169:10)
    at parse (C:\Users\Yannick\Documents\keepCoding\FullStackProjects\NodeFullStackProjects\MERN-ECOMMERCE-APPLICATION\node_modules\body-parser\lib\types\json.js:86:15)
    at C:\Users\Yannick\Documents\keepCoding\FullStackProjects\NodeFullStackProjects\MERN-ECOMMERCE-APPLICATION\node_modules\body-parser\lib\read.js:128:18
    at AsyncResource.runInAsyncScope (node:async_hooks:206:9)
    at invokeCallback (C:\Users\Yannick\Documents\keepCoding\FullStackProjects\NodeFullStackProjects\MERN-ECOMMERCE-APPLICATION\node_modules\raw-body\index.js:238:16)
    at done (C:\Users\Yannick\Documents\keepCoding\FullStackProjects\NodeFullStackProjects\MERN-ECOMMERCE-APPLICATION\node_modules\raw-body\index.js:227:7)
    at IncomingMessage.onEnd (C:\Users\Yannick\Documents\keepCoding\FullStackProjects\NodeFullStackProjects\MERN-ECOMMERCE-APPLICATION\node_modules\raw-body\index.js:287:7)
    at IncomingMessage.emit (node:events:518:28)
    at IncomingMessage.emit (node:domain:488:12) 
    url - /api/v1/auth/signup 
    method - POST 
    IP - ::ffff:127.0.0.1
   {"timestamp":"2024-10-01T17:54:13.308Z"}
error: 
    status - 500 
    message - SyntaxError: Unexpected token '"', ""firstName"... is not valid JSON
    at JSON.parse (<anonymous>)
    at createStrictSyntaxError (C:\Users\Yannick\Documents\keepCoding\FullStackProjects\NodeFullStackProjects\MERN-ECOMMERCE-APPLICATION\node_modules\body-parser\lib\types\json.js:169:10)
    at parse (C:\Users\Yannick\Documents\keepCoding\FullStackProjects\NodeFullStackProjects\MERN-ECOMMERCE-APPLICATION\node_modules\body-parser\lib\types\json.js:86:15)
    at C:\Users\Yannick\Documents\keepCoding\FullStackProjects\NodeFullStackProjects\MERN-ECOMMERCE-APPLICATION\node_modules\body-parser\lib\read.js:128:18
    at AsyncResource.runInAsyncScope (node:async_hooks:206:9)
    at invokeCallback (C:\Users\Yannick\Documents\keepCoding\FullStackProjects\NodeFullStackProjects\MERN-ECOMMERCE-APPLICATION\node_modules\raw-body\index.js:238:16)
    at done (C:\Users\Yannick\Documents\keepCoding\FullStackProjects\NodeFullStackProjects\MERN-ECOMMERCE-APPLICATION\node_modules\raw-body\index.js:227:7)
    at IncomingMessage.onEnd (C:\Users\Yannick\Documents\keepCoding\FullStackProjects\NodeFullStackProjects\MERN-ECOMMERCE-APPLICATION\node_modules\raw-body\index.js:287:7)
    at IncomingMessage.emit (node:events:518:28)
    at IncomingMessage.emit (node:domain:488:12) 
    url - /api/v1/auth/signup 
    method - POST 
    IP - ::ffff:127.0.0.1
   {"timestamp":"2024-10-01T17:57:00.722Z"}
error: 
    status - 500 
    message - SyntaxError: Unexpected token '"', ""firstName"... is not valid JSON
    at JSON.parse (<anonymous>)
    at createStrictSyntaxError (C:\Users\Yannick\Documents\keepCoding\FullStackProjects\NodeFullStackProjects\MERN-ECOMMERCE-APPLICATION\node_modules\body-parser\lib\types\json.js:169:10)
    at parse (C:\Users\Yannick\Documents\keepCoding\FullStackProjects\NodeFullStackProjects\MERN-ECOMMERCE-APPLICATION\node_modules\body-parser\lib\types\json.js:86:15)
    at C:\Users\Yannick\Documents\keepCoding\FullStackProjects\NodeFullStackProjects\MERN-ECOMMERCE-APPLICATION\node_modules\body-parser\lib\read.js:128:18
    at AsyncResource.runInAsyncScope (node:async_hooks:206:9)
    at invokeCallback (C:\Users\Yannick\Documents\keepCoding\FullStackProjects\NodeFullStackProjects\MERN-ECOMMERCE-APPLICATION\node_modules\raw-body\index.js:238:16)
    at done (C:\Users\Yannick\Documents\keepCoding\FullStackProjects\NodeFullStackProjects\MERN-ECOMMERCE-APPLICATION\node_modules\raw-body\index.js:227:7)
    at IncomingMessage.onEnd (C:\Users\Yannick\Documents\keepCoding\FullStackProjects\NodeFullStackProjects\MERN-ECOMMERCE-APPLICATION\node_modules\raw-body\index.js:287:7)
    at IncomingMessage.emit (node:events:518:28)
    at IncomingMessage.emit (node:domain:488:12) 
    url - /api/v1/auth/signup 
    method - POST 
    IP - ::ffff:127.0.0.1
   {"timestamp":"2024-10-01T17:59:20.300Z"}
error: 
    status - 500 
    message - TypeError: Converting circular structure to JSON
    --> starting at object with constructor 'Socket'
    |     property 'parser' -> object with constructor 'HTTPParser'
    --- property 'socket' closes the circle
    at JSON.stringify (<anonymous>)
    at stringify (C:\Users\Yannick\Documents\keepCoding\FullStackProjects\NodeFullStackProjects\MERN-ECOMMERCE-APPLICATION\node_modules\express\lib\response.js:1160:12)
    at ServerResponse.json (C:\Users\Yannick\Documents\keepCoding\FullStackProjects\NodeFullStackProjects\MERN-ECOMMERCE-APPLICATION\node_modules\express\lib\response.js:271:14)
    at C:\Users\Yannick\Documents\keepCoding\FullStackProjects\NodeFullStackProjects\MERN-ECOMMERCE-APPLICATION\src\Controllers\UserController\User.Controller.ts:7:36
    at Generator.next (<anonymous>)
    at fulfilled (C:\Users\Yannick\Documents\keepCoding\FullStackProjects\NodeFullStackProjects\MERN-ECOMMERCE-APPLICATION\src\Controllers\UserController\User.Controller.ts:5:58)
    at processTicksAndRejections (node:internal/process/task_queues:95:5) 
    url - /api/v1/auth/signup 
    method - POST 
    IP - ::ffff:127.0.0.1
   {"timestamp":"2024-10-01T18:26:52.916Z"}
error: 
    status - 500 
    message - TypeError: Converting circular structure to JSON
    --> starting at object with constructor 'Socket'
    |     property 'parser' -> object with constructor 'HTTPParser'
    --- property 'socket' closes the circle
    at JSON.stringify (<anonymous>)
    at stringify (C:\Users\Yannick\Documents\keepCoding\FullStackProjects\NodeFullStackProjects\MERN-ECOMMERCE-APPLICATION\node_modules\express\lib\response.js:1160:12)
    at ServerResponse.json (C:\Users\Yannick\Documents\keepCoding\FullStackProjects\NodeFullStackProjects\MERN-ECOMMERCE-APPLICATION\node_modules\express\lib\response.js:271:14)
    at C:\Users\Yannick\Documents\keepCoding\FullStackProjects\NodeFullStackProjects\MERN-ECOMMERCE-APPLICATION\src\Controllers\UserController\User.Controller.ts:7:36
    at Generator.next (<anonymous>)
    at fulfilled (C:\Users\Yannick\Documents\keepCoding\FullStackProjects\NodeFullStackProjects\MERN-ECOMMERCE-APPLICATION\src\Controllers\UserController\User.Controller.ts:5:58)
    at processTicksAndRejections (node:internal/process/task_queues:95:5) 
    url - /api/v1/auth/signup 
    method - POST 
    IP - ::ffff:127.0.0.1
   {"timestamp":"2024-10-01T18:29:07.635Z"}
